\BOOKMARK [1][-]{Doc-Start}{Preface}{}% 1
\BOOKMARK [1][-]{section*.1}{Acknowledgment}{}% 2
\BOOKMARK [1][-]{section*.2}{Summary and Conclusions}{}% 3
\BOOKMARK [0][-]{chapter.1}{Introduction}{}% 4
\BOOKMARK [0][-]{chapter.2}{Krylov subspace and methods}{}% 5
\BOOKMARK [1][-]{section.2.1}{Krylov subspace}{chapter.2}% 6
\BOOKMARK [1][-]{section.2.2}{Krylov projection method}{chapter.2}% 7
\BOOKMARK [1][-]{section.2.3}{Restarting the Krylov projection method}{chapter.2}% 8
\BOOKMARK [1][-]{section.2.4}{When p is not seperable}{chapter.2}% 9
\BOOKMARK [0][-]{chapter.3}{Implementation}{}% 10
\BOOKMARK [1][-]{section.3.1}{Discretisation in space}{chapter.3}% 11
\BOOKMARK [1][-]{section.3.2}{Discretisation in time}{chapter.3}% 12
\BOOKMARK [1][-]{section.3.3}{Direct method}{chapter.3}% 13
\BOOKMARK [1][-]{section.3.4}{Measurements and computers}{chapter.3}% 14
\BOOKMARK [1][-]{section.3.5}{Test problems}{chapter.3}% 15
\BOOKMARK [0][-]{chapter.4}{Computational complexity}{}% 16
\BOOKMARK [1][-]{section.4.1}{Computational complexity}{chapter.4}% 17
\BOOKMARK [1][-]{section.4.2}{Memory requirement}{chapter.4}% 18
\BOOKMARK [0][-]{chapter.5}{Results for separable p}{}% 19
\BOOKMARK [1][-]{section.5.1}{Convergence}{chapter.5}% 20
\BOOKMARK [1][-]{section.5.2}{Choosing restart variable }{chapter.5}% 21
\BOOKMARK [1][-]{section.5.3}{Comparing \040and n}{chapter.5}% 22
\BOOKMARK [1][-]{section.5.4}{Computation time for m}{chapter.5}% 23
\BOOKMARK [1][-]{section.5.5}{Computation time for k}{chapter.5}% 24
\BOOKMARK [1][-]{section.5.6}{Comparing \040with \040and }{chapter.5}% 25
\BOOKMARK [1][-]{section.5.7}{Results for non separable p}{chapter.5}% 26
\BOOKMARK [1][-]{section.5.8}{Convergence}{chapter.5}% 27
\BOOKMARK [1][-]{section.5.9}{Speedup}{chapter.5}% 28
\BOOKMARK [1][-]{section.5.10}{Comparison}{chapter.5}% 29
\BOOKMARK [0][-]{chapter.6}{Discussion and conclusion}{}% 30
